<?xml version="1.0" encoding="UTF-8"?>
<!-- Generated by org.testng.reporters.JUnitReportReporter -->
<testsuite hostname="DESKTOP-AJ8SMA9" failures="0" tests="1" name="com.TestNG_Features.TimeOut" time="7.061" errors="0" timestamp="2022-03-02T15:22:32 IST" skipped="0">
  <testcase classname="com.TestNG_Features.TimeOut" name="LoginPage" time="7.061"/>
  <system-out/>
</testsuite> <!-- com.TestNG_Features.TimeOut -->
