<?xml version="1.0" encoding="UTF-8"?>
<!-- Generated by org.testng.reporters.JUnitReportReporter -->
<testsuite hostname="DESKTOP-AJ8SMA9" failures="0" tests="6" name="com.TestNG_Features.Invocation_Count" time="0.059" errors="0" timestamp="2022-03-02T15:24:30 IST" skipped="0">
  <testcase classname="com.TestNG_Features.Invocation_Count" name="setProperty" time="0.016"/>
  <system-out/>
  <testcase classname="com.TestNG_Features.Invocation_Count" name="browserLaunch" time="0.005"/>
  <system-out/>
  <testcase classname="com.TestNG_Features.Invocation_Count" name="maximize" time="0.022"/>
  <system-out/>
  <testcase classname="com.TestNG_Features.Invocation_Count" name="closeTheBrowser" time="0.005"/>
  <system-out/>
  <testcase classname="com.TestNG_Features.Invocation_Count" name="refreshTheBrowser" time="0.002"/>
  <system-out/>
  <testcase classname="com.TestNG_Features.Invocation_Count" name="refreshTheBrowser" time="0.009"/>
  <system-out/>
</testsuite> <!-- com.TestNG_Features.Invocation_Count -->
