<?xml version="1.0" encoding="UTF-8"?>
<!-- Generated by org.testng.reporters.JUnitReportReporter -->
<testsuite hostname="DESKTOP-AJ8SMA9" failures="0" tests="6" name="com.TestNG_Features.Data_Provider" time="0.077" errors="0" timestamp="2022-03-03T10:47:24 IST" skipped="0">
  <testcase classname="com.TestNG_Features.Data_Provider" name="credentials" time="0.007"/>
  <system-out/>
  <testcase classname="com.TestNG_Features.Data_Provider" name="credential2" time="0.006"/>
  <system-out/>
  <testcase classname="com.TestNG_Features.Data_Provider" name="credentials" time="0.008"/>
  <system-out/>
  <testcase classname="com.TestNG_Features.Data_Provider" name="credentials" time="0.022"/>
  <system-out/>
  <testcase classname="com.TestNG_Features.Data_Provider" name="credential2" time="0.014"/>
  <system-out/>
  <testcase classname="com.TestNG_Features.Data_Provider" name="credential2" time="0.020"/>
  <system-out/>
</testsuite> <!-- com.TestNG_Features.Data_Provider -->
