<?xml version="1.0" encoding="UTF-8"?>
<!-- Generated by org.testng.reporters.JUnitReportReporter -->
<testsuite hostname="DESKTOP-AJ8SMA9" failures="0" tests="3" name="com.TestNG_Features.Simple_Annotations" time="0.055" errors="0" timestamp="2022-02-27T23:23:01 IST" skipped="0">
  <testcase classname="com.TestNG_Features.Simple_Annotations" name="Kids" time="0.024"/>
  <system-out/>
  <testcase classname="com.TestNG_Features.Simple_Annotations" name="Womens" time="0.020"/>
  <system-out/>
  <testcase classname="com.TestNG_Features.Simple_Annotations" name="Mens" time="0.011"/>
  <system-out/>
</testsuite> <!-- com.TestNG_Features.Simple_Annotations -->
