<?xml version="1.0" encoding="UTF-8"?>
<!-- Generated by org.testng.reporters.JUnitReportReporter -->
<testsuite hostname="DESKTOP-AJ8SMA9" failures="0" tests="1" name="com.TestNG_Features.Expected_Exception" time="0.017" errors="0" timestamp="2022-03-02T15:26:52 IST" skipped="0">
  <testcase classname="com.TestNG_Features.Expected_Exception" name="exception" time="0.017"/>
  <system-out/>
</testsuite> <!-- com.TestNG_Features.Expected_Exception -->
