<?xml version="1.0" encoding="UTF-8"?>
<!-- Generated by org.testng.reporters.JUnitReportReporter -->
<testsuite hostname="DESKTOP-AJ8SMA9" failures="0" tests="2" name="com.TestNG_Features.Ignore_Concept" time="0.017" errors="0" timestamp="2022-03-02T15:31:25 IST" skipped="1">
  <testcase classname="com.TestNG_Features.Ignore_Concept" name="whatsapp" time="0.017"/>
  <system-out/>
  <testcase classname="com.TestNG_Features.Ignore_Concept" name="saavn">
    <skipped/>
  </testcase> <!-- saavn -->
  <system-out/>
</testsuite> <!-- com.TestNG_Features.Ignore_Concept -->
