<?xml version="1.0" encoding="UTF-8"?>
<!-- Generated by org.testng.reporters.JUnitReportReporter -->
<testsuite hostname="DESKTOP-AJ8SMA9" failures="0" tests="3" name="com.TestNG_Features.Priority" time="0.033" errors="0" timestamp="2022-02-27T23:38:14 IST" skipped="0">
  <testcase classname="com.TestNG_Features.Priority" name="Mens" time="0.018"/>
  <system-out/>
  <testcase classname="com.TestNG_Features.Priority" name="Womens" time="0.009"/>
  <system-out/>
  <testcase classname="com.TestNG_Features.Priority" name="Kids" time="0.006"/>
  <system-out/>
</testsuite> <!-- com.TestNG_Features.Priority -->
