<?xml version="1.0" encoding="UTF-8"?>
<!-- Generated by org.testng.reporters.JUnitReportReporter -->
<testsuite hostname="DESKTOP-AJ8SMA9" failures="0" tests="3" name="com.TestNG_Features.Group_Concepts" time="0.028" errors="0" timestamp="2022-03-02T15:29:50 IST" skipped="0">
  <testcase classname="com.TestNG_Features.Group_Concepts" name="blue" time="0.017"/>
  <system-out/>
  <testcase classname="com.TestNG_Features.Group_Concepts" name="red" time="0.007"/>
  <system-out/>
  <testcase classname="com.TestNG_Features.Group_Concepts" name="green" time="0.004"/>
  <system-out/>
</testsuite> <!-- com.TestNG_Features.Group_Concepts -->
